This is cutadapt 5.2 with Python 3.11.14
Command line parameters: --cores 4 --minimum-length 1 -O 3 -e 0.1 -g GTGYCAGCMGCCGCGGTAA -G GGACTACNVGGGTWTCTAAT --discard-untrimmed -o SAMPLE1_PE.trimmed_1.trim.fastq.gz -p SAMPLE1_PE.trimmed_2.trim.fastq.gz SAMPLE1_PE_1.fastq.gz SAMPLE1_PE_2.fastq.gz
Processing paired-end reads on 4 cores ...

=== Summary ===

Total read pairs processed:             40,356
  Read 1 with adapter:                  34,593 (85.7%)
  Read 2 with adapter:                  39,767 (98.5%)

== Read fate breakdown ==
Pairs that were too short:                   0 (0.0%)
Pairs discarded as untrimmed:            6,112 (15.1%)
Pairs written (passing filters):        34,244 (84.9%)

Total basepairs processed:    24,253,049 bp
  Read 1:    12,145,471 bp
  Read 2:    12,107,578 bp
Total written (filtered):     14,028,018 bp (57.8%)
  Read 1:     4,404,264 bp
  Read 2:     9,623,754 bp

=== First read: Adapter 1 ===

Sequence: GTGYCAGCMGCCGCGGTAA; Type: regular 5'; Length: 19; Trimmed: 34593 times

Minimum overlap: 3
No. of allowed errors:
1-9 bp: 0; 10-19 bp: 1

Overview of removed sequences
length	count	expect	max.err	error counts
124	1	0.0	1	1
154	1	0.0	1	1
165	3	0.0	1	3
166	3	0.0	1	3
167	290	0.0	1	252 38
168	22209	0.0	1	19443 2766
169	3984	0.0	1	3420 564
170	639	0.0	1	536 103
171	619	0.0	1	522 97
172	4	0.0	1	3 1
173	2	0.0	1	1 1
175	1	0.0	1	1
177	5	0.0	1	3 2
178	1	0.0	1	0 1
185	23	0.0	1	20 3
186	3	0.0	1	3
187	93	0.0	1	76 17
188	5349	0.0	1	4478 871
189	7	0.0	1	6 1
192	19	0.0	1	17 2
193	589	0.0	1	489 100
194	745	0.0	1	591 154
195	2	0.0	1	1 1
253	1	0.0	1	1


=== Second read: Adapter 2 ===

Sequence: GGACTACNVGGGTWTCTAAT; Type: regular 5'; Length: 20; Trimmed: 39767 times

Minimum overlap: 3
No. of allowed errors:
1-9 bp: 0; 10-19 bp: 1

Overview of removed sequences
length	count	expect	max.err	error counts
4	1	157.6	0	1
16	4	0.0	1	1 3
17	6	0.0	1	1 5
18	390	0.0	1	55 335
19	39201	0.0	1	36188 3013
20	165	0.0	1	3 162
